Pointage/Pointage/Android/Gen/build/outputs/logs/manifest-merger-debug-report.txt
-- Merging decision tree log ---
manifest
ADDED from Android\Gen\AndroidManifest.xml:2:1-4442
INJECTED from Android\Gen\AndroidManifest.xml:2:1-4442
INJECTED from Android\Gen\AndroidManifest.xml:2:1-4442
INJECTED from Android\Gen\AndroidManifest.xml:2:1-4442
MERGED from [com.android.support:support-v4:27.1.1] AndroidManifest.xml:17:1-22:12
MERGED from [com.android.support:appcompat-v7:27.1.1] AndroidManifest.xml:17:1-22:12
MERGED from [com.android.support:recyclerview-v7:27.1.1] AndroidManifest.xml:17:1-22:12
MERGED from [com.android.support:support-media-compat:27.1.1] AndroidManifest.xml:17:1-22:12
MERGED from [com.android.support:support-fragment:27.1.1] AndroidManifest.xml:17:1-22:12
MERGED from [com.android.support:animated-vector-drawable:27.1.1] AndroidManifest.xml:17:1-22:12
MERGED from [com.android.support:support-core-ui:27.1.1] AndroidManifest.xml:17:1-22:12
MERGED from [com.android.support:support-core-utils:27.1.1] AndroidManifest.xml:17:1-22:12
MERGED from [com.android.support:support-vector-drawable:27.1.1] AndroidManifest.xml:17:1-22:12
MERGED from [com.android.support:support-compat:27.1.1] AndroidManifest.xml:17:1-22:12
MERGED from [android.arch.lifecycle:runtime:1.1.0] AndroidManifest.xml:17:1-22:12
MERGED from [android.arch.lifecycle:livedata-core:1.1.0] AndroidManifest.xml:17:1-22:12
MERGED from [android.arch.lifecycle:viewmodel:1.1.0] AndroidManifest.xml:17:1-22:12
MERGED from [android.arch.core:runtime:1.1.0] AndroidManifest.xml:17:1-22:12
INJECTED from Android\Gen\AndroidManifest.xml:2:1-4442
INJECTED from Android\Gen\AndroidManifest.xml:2:1-4442
INJECTED from Android\Gen\AndroidManifest.xml:2:1-4442
	package
		ADDED from Android\Gen\AndroidManifest.xml:2:70-102
		INJECTED from Android\Gen\AndroidManifest.xml
		INJECTED from Android\Gen\AndroidManifest.xml
	android:versionName
		ADDED from Android\Gen\AndroidManifest.xml:2:103-133
		INJECTED from Android\Gen\AndroidManifest.xml
		INJECTED from Android\Gen\AndroidManifest.xml
	xmlns:android
		ADDED from Android\Gen\AndroidManifest.xml:2:11-69
	android:versionCode
		ADDED from Android\Gen\AndroidManifest.xml:2:134-158
		INJECTED from Android\Gen\AndroidManifest.xml
		INJECTED from Android\Gen\AndroidManifest.xml
	android:installLocation
		ADDED from Android\Gen\AndroidManifest.xml:2:159-189
application
ADDED from Android\Gen\AndroidManifest.xml:2:190-3843
	android:label
		ADDED from Android\Gen\AndroidManifest.xml:2:265-297
	android:resizeableActivity
		ADDED from Android\Gen\AndroidManifest.xml:2:368-401
	android:largeHeap
		ADDED from Android\Gen\AndroidManifest.xml:2:342-366
	android:icon
		ADDED from Android\Gen\AndroidManifest.xml:2:298-341
	android:name
		ADDED from Android\Gen\AndroidManifest.xml:2:203-264
activity#com.masociete.pointage.wdgen.GWDPEventsio$WDLanceur
ADDED from Android\Gen\AndroidManifest.xml:2:402-857
	android:screenOrientation
		ADDED from Android\Gen\AndroidManifest.xml:2:662-704
	android:label
		ADDED from Android\Gen\AndroidManifest.xml:2:457-489
	android:configChanges
		ADDED from Android\Gen\AndroidManifest.xml:2:559-661
	android:theme
		ADDED from Android\Gen\AndroidManifest.xml:2:490-558
	android:name
		ADDED from Android\Gen\AndroidManifest.xml:2:412-456
intent-filter#action:name:android.intent.action.MAIN+category:name:android.intent.category.LAUNCHER
ADDED from Android\Gen\AndroidManifest.xml:2:705-846
action#android.intent.action.MAIN
ADDED from Android\Gen\AndroidManifest.xml:2:720-771
	android:name
		ADDED from Android\Gen\AndroidManifest.xml:2:728-769
category#android.intent.category.LAUNCHER
ADDED from Android\Gen\AndroidManifest.xml:2:771-830
	android:name
		ADDED from Android\Gen\AndroidManifest.xml:2:781-828
activity#com.masociete.pointage.wdgen.GWDFFEN_SCAN$WDActiviteFenetre
ADDED from Android\Gen\AndroidManifest.xml:2:857-1097
	android:hardwareAccelerated
		ADDED from Android\Gen\AndroidManifest.xml:2:1060-1095
	android:configChanges
		ADDED from Android\Gen\AndroidManifest.xml:2:920-1022
	android:theme
		ADDED from Android\Gen\AndroidManifest.xml:2:1023-1059
	android:name
		ADDED from Android\Gen\AndroidManifest.xml:2:867-919
activity#com.masociete.pointage.wdgen.GWDFFEN_PRESENCE$WDActiviteFenetre
ADDED from Android\Gen\AndroidManifest.xml:2:1097-1384
	android:screenOrientation
		ADDED from Android\Gen\AndroidManifest.xml:2:1304-1346
	android:hardwareAccelerated
		ADDED from Android\Gen\AndroidManifest.xml:2:1347-1382
	android:configChanges
		ADDED from Android\Gen\AndroidManifest.xml:2:1164-1266
	android:theme
		ADDED from Android\Gen\AndroidManifest.xml:2:1267-1303
	android:name
		ADDED from Android\Gen\AndroidManifest.xml:2:1107-1163
activity#com.masociete.pointage.wdgen.GWDFFEN_CODEBARRES$WDActiviteFenetre
ADDED from Android\Gen\AndroidManifest.xml:2:1384-1673
	android:screenOrientation
		ADDED from Android\Gen\AndroidManifest.xml:2:1593-1635
	android:hardwareAccelerated
		ADDED from Android\Gen\AndroidManifest.xml:2:1636-1671
	android:configChanges
		ADDED from Android\Gen\AndroidManifest.xml:2:1453-1555
	android:theme
		ADDED from Android\Gen\AndroidManifest.xml:2:1556-1592
	android:name
		ADDED from Android\Gen\AndroidManifest.xml:2:1394-1452
activity#com.masociete.pointage.wdgen.GWDFFEN_GESTION$WDActiviteFenetre
ADDED from Android\Gen\AndroidManifest.xml:2:1673-1959
	android:screenOrientation
		ADDED from Android\Gen\AndroidManifest.xml:2:1879-1921
	android:hardwareAccelerated
		ADDED from Android\Gen\AndroidManifest.xml:2:1922-1957
	android:configChanges
		ADDED from Android\Gen\AndroidManifest.xml:2:1739-1841
	android:theme
		ADDED from Android\Gen\AndroidManifest.xml:2:1842-1878
	android:name
		ADDED from Android\Gen\AndroidManifest.xml:2:1683-1738
activity#com.masociete.pointage.wdgen.GWDFFEN_SESSIONS$WDActiviteFenetre
ADDED from Android\Gen\AndroidManifest.xml:2:1959-2246
	android:screenOrientation
		ADDED from Android\Gen\AndroidManifest.xml:2:2166-2208
	android:hardwareAccelerated
		ADDED from Android\Gen\AndroidManifest.xml:2:2209-2244
	android:configChanges
		ADDED from Android\Gen\AndroidManifest.xml:2:2026-2128
	android:theme
		ADDED from Android\Gen\AndroidManifest.xml:2:2129-2165
	android:name
		ADDED from Android\Gen\AndroidManifest.xml:2:1969-2025
activity#com.masociete.pointage.wdgen.GWDFFEN_ACCUEIL$WDActiviteFenetre
ADDED from Android\Gen\AndroidManifest.xml:2:2246-2532
	android:screenOrientation
		ADDED from Android\Gen\AndroidManifest.xml:2:2452-2494
	android:hardwareAccelerated
		ADDED from Android\Gen\AndroidManifest.xml:2:2495-2530
	android:configChanges
		ADDED from Android\Gen\AndroidManifest.xml:2:2312-2414
	android:theme
		ADDED from Android\Gen\AndroidManifest.xml:2:2415-2451
	android:name
		ADDED from Android\Gen\AndroidManifest.xml:2:2256-2311
activity#fr.pcsoft.wdjava.ui.activite.WDActivite$BlankActivity
ADDED from Android\Gen\AndroidManifest.xml:2:2532-2720
	xmlns:android
		ADDED from Android\Gen\AndroidManifest.xml:2:2542-2600
	android:theme
		ADDED from Android\Gen\AndroidManifest.xml:2:2670-2718
	android:name
		ADDED from Android\Gen\AndroidManifest.xml:2:2601-2669
activity#fr.pcsoft.wdjava.core.erreur.report.WDErrorReportActivity
ADDED from Android\Gen\AndroidManifest.xml:2:2720-2920
	xmlns:android
		ADDED from Android\Gen\AndroidManifest.xml:2:2730-2788
	android:theme
		ADDED from Android\Gen\AndroidManifest.xml:2:2862-2918
	android:name
		ADDED from Android\Gen\AndroidManifest.xml:2:2789-2861
activity#fr.pcsoft.wdjava.net.oauth2.WDOAuth2Manager$OAuthActivity
ADDED from Android\Gen\AndroidManifest.xml:2:2920-3063
	xmlns:android
		ADDED from Android\Gen\AndroidManifest.xml:2:2930-2988
	android:name
		ADDED from Android\Gen\AndroidManifest.xml:2:2989-3061
activity#fr.pcsoft.wdjava.ui.searchbar.WDSearchActivity
ADDED from Android\Gen\AndroidManifest.xml:2:3063-3407
	android:label
		ADDED from Android\Gen\AndroidManifest.xml:2:3194-3226
	xmlns:android
		ADDED from Android\Gen\AndroidManifest.xml:2:3073-3131
	android:name
		ADDED from Android\Gen\AndroidManifest.xml:2:3132-3193
intent-filter#action:name:android.intent.action.SEARCH
ADDED from Android\Gen\AndroidManifest.xml:2:3227-3311
action#android.intent.action.SEARCH
ADDED from Android\Gen\AndroidManifest.xml:2:3242-3295
	android:name
		ADDED from Android\Gen\AndroidManifest.xml:2:3250-3293
meta-data#android.app.searchable
ADDED from Android\Gen\AndroidManifest.xml:2:3311-3396
	android:resource
		ADDED from Android\Gen\AndroidManifest.xml:2:3360-3394
	android:name
		ADDED from Android\Gen\AndroidManifest.xml:2:3322-3359
provider#fr.pcsoft.wdjava.ui.searchbar.WDSearchHistory
ADDED from Android\Gen\AndroidManifest.xml:2:3407-3608
	android:authorities
		ADDED from Android\Gen\AndroidManifest.xml:2:3562-3606
	android:exported
		ADDED from Android\Gen\AndroidManifest.xml:2:3537-3561
	xmlns:android
		ADDED from Android\Gen\AndroidManifest.xml:2:3417-3475
	android:name
		ADDED from Android\Gen\AndroidManifest.xml:2:3476-3536
service#fr.pcsoft.wdjava.core.service.WDServiceLocal
ADDED from Android\Gen\AndroidManifest.xml:2:3608-3678
	android:name
		ADDED from Android\Gen\AndroidManifest.xml:2:3617-3676
meta-data#fr.pcsoft.first_window_name
ADDED from Android\Gen\AndroidManifest.xml:2:3678-3761
	android:value
		ADDED from Android\Gen\AndroidManifest.xml:2:3732-3759
	android:name
		ADDED from Android\Gen\AndroidManifest.xml:2:3689-3731
meta-data#fr.pcsoft.multidex
ADDED from Android\Gen\AndroidManifest.xml:2:3761-3829
	android:value
		ADDED from Android\Gen\AndroidManifest.xml:2:3806-3827
	android:name
		ADDED from Android\Gen\AndroidManifest.xml:2:3772-3805
uses-sdk
ADDED from Android\Gen\AndroidManifest.xml:2:3843-3911
MERGED from [com.android.support:support-v4:27.1.1] AndroidManifest.xml:20:5-44
MERGED from [com.android.support:support-v4:27.1.1] AndroidManifest.xml:20:5-44
MERGED from [com.android.support:appcompat-v7:27.1.1] AndroidManifest.xml:20:5-44
MERGED from [com.android.support:appcompat-v7:27.1.1] AndroidManifest.xml:20:5-44
MERGED from [com.android.support:recyclerview-v7:27.1.1] AndroidManifest.xml:20:5-44
MERGED from [com.android.support:recyclerview-v7:27.1.1] AndroidManifest.xml:20:5-44
MERGED from [com.android.support:support-media-compat:27.1.1] AndroidManifest.xml:20:5-44
MERGED from [com.android.support:support-media-compat:27.1.1] AndroidManifest.xml:20:5-44
MERGED from [com.android.support:support-fragment:27.1.1] AndroidManifest.xml:20:5-44
MERGED from [com.android.support:support-fragment:27.1.1] AndroidManifest.xml:20:5-44
MERGED from [com.android.support:animated-vector-drawable:27.1.1] AndroidManifest.xml:20:5-44
MERGED from [com.android.support:animated-vector-drawable:27.1.1] AndroidManifest.xml:20:5-44
MERGED from [com.android.support:support-core-ui:27.1.1] AndroidManifest.xml:20:5-44
MERGED from [com.android.support:support-core-ui:27.1.1] AndroidManifest.xml:20:5-44
MERGED from [com.android.support:support-core-utils:27.1.1] AndroidManifest.xml:20:5-44
MERGED from [com.android.support:support-core-utils:27.1.1] AndroidManifest.xml:20:5-44
MERGED from [com.android.support:support-vector-drawable:27.1.1] AndroidManifest.xml:20:5-44
MERGED from [com.android.support:support-vector-drawable:27.1.1] AndroidManifest.xml:20:5-44
MERGED from [com.android.support:support-compat:27.1.1] AndroidManifest.xml:20:5-44
MERGED from [com.android.support:support-compat:27.1.1] AndroidManifest.xml:20:5-44
MERGED from [android.arch.lifecycle:runtime:1.1.0] AndroidManifest.xml:20:5-44
MERGED from [android.arch.lifecycle:runtime:1.1.0] AndroidManifest.xml:20:5-44
MERGED from [android.arch.lifecycle:livedata-core:1.1.0] AndroidManifest.xml:20:5-44
MERGED from [android.arch.lifecycle:livedata-core:1.1.0] AndroidManifest.xml:20:5-44
MERGED from [android.arch.lifecycle:viewmodel:1.1.0] AndroidManifest.xml:20:5-44
MERGED from [android.arch.lifecycle:viewmodel:1.1.0] AndroidManifest.xml:20:5-44
MERGED from [android.arch.core:runtime:1.1.0] AndroidManifest.xml:20:5-44
MERGED from [android.arch.core:runtime:1.1.0] AndroidManifest.xml:20:5-44
	android:targetSdkVersion
		ADDED from Android\Gen\AndroidManifest.xml:2:3880-3909
	android:minSdkVersion
		ADDED from Android\Gen\AndroidManifest.xml:2:3853-3879
supports-screens
ADDED from Android\Gen\AndroidManifest.xml:2:3911-4070
	android:largeScreens
		ADDED from Android\Gen\AndroidManifest.xml:2:3986-4013
	android:smallScreens
		ADDED from Android\Gen\AndroidManifest.xml:2:3929-3956
	android:normalScreens
		ADDED from Android\Gen\AndroidManifest.xml:2:3957-3985
	android:xlargeScreens
		ADDED from Android\Gen\AndroidManifest.xml:2:4014-4042
	android:anyDensity
		ADDED from Android\Gen\AndroidManifest.xml:2:4043-4068
uses-permission#android.permission.WRITE_EXTERNAL_STORAGE
ADDED from Android\Gen\AndroidManifest.xml:2:4070-4145
	android:name
		ADDED from Android\Gen\AndroidManifest.xml:2:4087-4143
uses-permission#android.permission.CAMERA
ADDED from Android\Gen\AndroidManifest.xml:2:4145-4204
	android:name
		ADDED from Android\Gen\AndroidManifest.xml:2:4162-4202
uses-permission#android.permission.INTERNET
ADDED from Android\Gen\AndroidManifest.xml:2:4204-4265
	android:name
		ADDED from Android\Gen\AndroidManifest.xml:2:4221-4263
uses-feature#android.hardware.camera.autofocus
ADDED from Android\Gen\AndroidManifest.xml:2:4265-4353
	android:required
		ADDED from Android\Gen\AndroidManifest.xml:2:4328-4351
	android:name
		ADDED from Android\Gen\AndroidManifest.xml:2:4279-4327
uses-feature#android.hardware.camera
ADDED from Android\Gen\AndroidManifest.xml:2:4353-4431
	android:required
		ADDED from Android\Gen\AndroidManifest.xml:2:4406-4429
	android:name
		ADDED from Android\Gen\AndroidManifest.xml:2:4367-4405